<?xml version="1.0" encoding="UTF-8"?>
<!-- Generated by org.testng.reporters.JUnitReportReporter -->
<testsuite hostname="LAPTOP-OGF7ESTH" failures="0" tests="1" name="runner.TestRunner" time="32.603" errors="0" timestamp="2025-03-27T22:15:52 IST" skipped="0">
  <testcase classname="runner.TestRunner" name="runScenario" time="32.603"/>
</testsuite> <!-- runner.TestRunner -->
